INFO:root:MAIN: Program started
DEBUG:root:GENERATE_GRID: no hay que mezclar
INFO:root:ROBOT: Robot set up!
INFO:root:ROBOT: Odometry was started, PID: 14856:
INFO:root:MAIN: Initial location: 2.2, 2.6, -1.5707963267948966
INFO:root:*---------------------------------------------------------------------------*
INFO:root:MAIN: The floor is BLACK
INFO:root:ROBOT setMapByColor: Tile color is black, setting map B
INFO:root:ROBOT forceNewPosition: Updating position to [2.2, 3]
INFO:root:HALF_EIGHT: done!
DEBUG:root:GENERATE_GRID: no hay que mezclar
INFO:root:*---------------------------------------------------------------------------*
WARNING:root:Traceback (most recent call last):
  File "/home/pi/oscar/helpers/map.py", line 181, in generate_grid
    grid = generate_single_grid(map, goal_k)
  File "/home/pi/oscar/helpers/map.py", line 212, in generate_single_grid
    grid[int(goal[0]), int(goal[1])] = 0      # we set the goal to 0
IndexError: invalid index to scalar variable.

During handling of the above exception, another exception occurred:

Traceback (most recent call last):
  File "/home/pi/oscar/main.py", line 103, in main
    actions.map.navigate_map(oscar, oscar.objective, eight_neigh = False)
  File "/home/pi/oscar/actions/map.py", line 86, in navigate_map
    robot.grid = helpers.map.generate_grid(map, goal)
  File "/home/pi/oscar/helpers/map.py", line 190, in generate_grid
    grid = generate_single_grid(map, goals)
  File "/home/pi/oscar/helpers/map.py", line 212, in generate_single_grid
    grid[int(goal[0]), int(goal[1])] = 0      # we set the goal to 0
IndexError: index 17 is out of bounds for axis 1 with size 15

WARNING:root:Abruptly stopped the robot!
INFO:root:Odometry was stopped
DEBUG:matplotlib.axes._base:update_title_pos
DEBUG:matplotlib.font_manager:findfont: Matching :family=sans-serif:style=normal:variant=normal:weight=normal:stretch=normal:size=10.0 to DejaVu Sans ('/home/pi/.local/lib/python3.5/site-packages/matplotlib/mpl-data/fonts/ttf/DejaVuSans.ttf') with score of 0.050000.
DEBUG:matplotlib.axes._base:update_title_pos
