INFO:root:MAIN: Program started
INFO:root:ROBOT: Robot set up!
INFO:root:ROBOT: Odometry was started, PID: 20079:
INFO:root:MAIN: Initial location: 2.2, 2.6, -1.5707963267948966


INFO:root:A PICTURE WAS MADE
INFO:root:Found the ball! Approaching...
INFO:root:A PICTURE WAS MADE
INFO:root:A PICTURE WAS MADE
INFO:root:A PICTURE WAS MADE
WARNING:root:Traceback (most recent call last):
  File "/usr/lib/python3/dist-packages/picamera/camera.py", line 1421, in capture
    if not encoder.wait(self.CAPTURE_TIMEOUT):
  File "/usr/lib/python3/dist-packages/picamera/encoders.py", line 393, in wait
    result = self.event.wait(timeout)
  File "/usr/lib/python3.5/threading.py", line 549, in wait
    signaled = self._cond.wait(timeout)
  File "/usr/lib/python3.5/threading.py", line 297, in wait
    gotit = waiter.acquire(True, timeout)
KeyboardInterrupt

During handling of the above exception, another exception occurred:

Traceback (most recent call last):
  File "/home/pi/oscar/main.py", line 45, in main
    actions.ball.go_for_ball(oscar)
  File "/home/pi/oscar/actions/ball.py", line 151, in go_for_ball
    success = approach_ball(robot)
  File "/home/pi/oscar/actions/ball.py", line 54, in approach_ball
    frame = robot.takePic()
  File "/home/pi/oscar/Robot.py", line 224, in takePic
    self.cam_pi.capture(rawCapture, format="bgr")
  File "/usr/lib/python3/dist-packages/picamera/camera.py", line 1425, in capture
    encoder.close()
  File "/usr/lib/python3/dist-packages/picamera/encoders.py", line 431, in close
    self.stop()
  File "/usr/lib/python3/dist-packages/picamera/encoders.py", line 419, in stop
    self._close_output()
  File "/usr/lib/python3/dist-packages/picamera/encoders.py", line 349, in _close_output
    mo.close_stream(output, opened)
  File "/usr/lib/python3/dist-packages/picamera/mmalobj.py", line 371, in close_stream
    stream.flush()
  File "/usr/lib/python3/dist-packages/picamera/array.py", line 238, in flush
    self.array = bytes_to_rgb(self.getvalue(), self.size or self.camera.resolution)
  File "/usr/lib/python3/dist-packages/picamera/array.py", line 127, in bytes_to_rgb
    'Incorrect buffer length for resolution %dx%d' % (width, height))
picamera.exc.PiCameraValueError: Incorrect buffer length for resolution 640x480

WARNING:root:Abruptly stopped the robot!
