INFO:root:MAIN: Program started
DEBUG:root:GENERATE_GRID: goal_k is: 0
INFO:root:ROBOT: Robot set up!
INFO:root:ROBOT: Odometry was started, PID: 22058:
INFO:root:MAIN: Initial location: 2.2, 2.6, -1.5707963267948966


INFO:root:MAIN: The floor is BLACK
INFO:root:ROBOT setMapByColor: Tile color is black, setting map B
INFO:root:ROBOT forceNewPosition: Updating position to [2.2, 3]
INFO:root:HALF_EIGHT_SHORT: done!
DEBUG:root:GENERATE_GRID: goal_k is: [7. 1.]
WARNING:root:Traceback (most recent call last):
  File "/home/pi/oscar/helpers/map.py", line 182, in generate_grid
    grid = mix_grids(map, grids)
  File "/home/pi/oscar/helpers/map.py", line 193, in mix_grids
    if (grid[i, j] < mixed_grid[i, j]):
TypeError: 'NoneType' object is not subscriptable

During handling of the above exception, another exception occurred:

Traceback (most recent call last):
  File "/home/pi/oscar/main.py", line 98, in main
    actions.map.navigate_map(oscar, [], oscar.objective, eight_neigh = False)
  File "/home/pi/oscar/actions/map.py", line 88, in navigate_map
    robot.grid = helpers.map.generate_grid(map, goal)
  File "/home/pi/oscar/helpers/map.py", line 184, in generate_grid
    grid = generate_single_grid(map, goals)
  File "/home/pi/oscar/helpers/map.py", line 205, in generate_single_grid
    grid[int(goal[0]), int(goal[1])] = 0      # we set the goal to 0
TypeError: only size-1 arrays can be converted to Python scalars

WARNING:root:Abruptly stopped the robot!
INFO:root:Odometry was stopped
DEBUG:matplotlib.font_manager:findfont: Matching :family=sans-serif:style=normal:variant=normal:weight=normal:stretch=normal:size=10.0 to DejaVu Sans ('/home/pi/.local/lib/python3.5/site-packages/matplotlib/mpl-data/fonts/ttf/DejaVuSans.ttf') with score of 0.050000.
DEBUG:matplotlib.axes._base:update_title_pos
DEBUG:matplotlib.axes._base:update_title_pos
DEBUG:matplotlib.axes._base:update_title_pos
